<?xml version="1.0" encoding="UTF-8"?>
<!-- Generated by org.testng.reporters.JUnitReportReporter -->
<testsuite hostname="DESKTOP-HTDTJ7L" failures="0" tests="2" name="ngtest.Practice2Test" time="0.022" errors="0" timestamp="18 Jul 2022 10:44:34 GMT">
  <testcase classname="ngtest.Practice2Test" name="MotherTest" time="0.002"/>
  <testcase classname="ngtest.Practice2Test" name="DaughterTest" time="0.020"/>
</testsuite> <!-- ngtest.Practice2Test -->
