<?xml version="1.0" encoding="UTF-8"?>
<!-- Generated by org.testng.reporters.JUnitReportReporter -->
<testsuite hostname="DESKTOP-HTDTJ7L" failures="0" tests="2" name="ngtest.PracticeTest" time="0.023" errors="0" timestamp="18 Jul 2022 10:37:51 GMT">
  <testcase classname="ngtest.PracticeTest" name="animalTest" time="0.021"/>
  <testcase classname="ngtest.PracticeTest" name="monkeyTest" time="0.002"/>
</testsuite> <!-- ngtest.PracticeTest -->
